<?xml version="1.0" encoding="UTF-8"?>
<!-- Generated by org.testng.reporters.JUnitXMLReporter -->
<testsuite hostname="DESKTOP-0JUEEOV" ignored="0" name="Default test" tests="6" failures="0" timestamp="26 Nov 2018 03:30:52 GMT" time="96.593" errors="0">
  <testcase name="cardIssuerDropDownTest" time="1.489" classname="com.creditcards.Creditmain"/>
  <testcase name="cardMatchPageFormValidation" time="5.954" classname="com.creditcards.Creditmain"/>
  <testcase name="cssColorValidationTest" time="0.086" classname="com.creditcards.Creditmain"/>
  <testcase name="logoLinkTest" time="5.705" classname="com.creditcards.Creditmain"/>
  <testcase name="pageNavigationTest" time="7.882" classname="com.creditcards.Creditmain"/>
  <testcase name="pageTitleTest" time="0.011" classname="com.creditcards.Creditmain"/>
</testsuite> <!-- Default test -->
