<?xml version="1.0" encoding="UTF-8"?>
<testng-results skipped="0" failed="0" ignored="0" total="6" passed="6">
  <reporter-output>
  </reporter-output>
  <suite name="Default suite" duration-ms="96593" started-at="2018-11-26T03:29:16Z" finished-at="2018-11-26T03:30:52Z">
    <groups>
    </groups>
    <test name="Default test" duration-ms="96593" started-at="2018-11-26T03:29:16Z" finished-at="2018-11-26T03:30:52Z">
      <class name="com.creditcards.Creditmain">
        <test-method status="PASS" signature="setUp()[pri:0, instance:com.creditcards.Creditmain@eaafa6]" name="setUp" is-config="true" duration-ms="12730" started-at="2018-11-26T03:29:16Z" finished-at="2018-11-26T03:29:28Z">
          <reporter-output>
          </reporter-output>
        </test-method> <!-- setUp -->
        <test-method status="PASS" signature="cardIssuerDropDownTest()[pri:0, instance:com.creditcards.Creditmain@eaafa6]" name="cardIssuerDropDownTest" duration-ms="1489" started-at="2018-11-26T03:29:28Z" finished-at="2018-11-26T03:29:30Z">
          <reporter-output>
          </reporter-output>
        </test-method> <!-- cardIssuerDropDownTest -->
        <test-method status="PASS" signature="cleanUp()[pri:0, instance:com.creditcards.Creditmain@eaafa6]" name="cleanUp" is-config="true" duration-ms="2105" started-at="2018-11-26T03:29:30Z" finished-at="2018-11-26T03:29:32Z">
          <reporter-output>
          </reporter-output>
        </test-method> <!-- cleanUp -->
        <test-method status="PASS" signature="setUp()[pri:0, instance:com.creditcards.Creditmain@eaafa6]" name="setUp" is-config="true" duration-ms="11061" started-at="2018-11-26T03:29:32Z" finished-at="2018-11-26T03:29:43Z">
          <reporter-output>
          </reporter-output>
        </test-method> <!-- setUp -->
        <test-method status="PASS" signature="cardMatchPageFormValidation()[pri:0, instance:com.creditcards.Creditmain@eaafa6]" name="cardMatchPageFormValidation" duration-ms="5954" started-at="2018-11-26T03:29:43Z" finished-at="2018-11-26T03:29:49Z">
          <reporter-output>
          </reporter-output>
        </test-method> <!-- cardMatchPageFormValidation -->
        <test-method status="PASS" signature="cleanUp()[pri:0, instance:com.creditcards.Creditmain@eaafa6]" name="cleanUp" is-config="true" duration-ms="1047" started-at="2018-11-26T03:29:49Z" finished-at="2018-11-26T03:29:50Z">
          <reporter-output>
          </reporter-output>
        </test-method> <!-- cleanUp -->
        <test-method status="PASS" signature="setUp()[pri:0, instance:com.creditcards.Creditmain@eaafa6]" name="setUp" is-config="true" duration-ms="11098" started-at="2018-11-26T03:29:50Z" finished-at="2018-11-26T03:30:01Z">
          <reporter-output>
          </reporter-output>
        </test-method> <!-- setUp -->
        <test-method status="PASS" signature="cssColorValidationTest()[pri:0, instance:com.creditcards.Creditmain@eaafa6]" name="cssColorValidationTest" duration-ms="86" started-at="2018-11-26T03:30:01Z" finished-at="2018-11-26T03:30:01Z">
          <reporter-output>
          </reporter-output>
        </test-method> <!-- cssColorValidationTest -->
        <test-method status="PASS" signature="cleanUp()[pri:0, instance:com.creditcards.Creditmain@eaafa6]" name="cleanUp" is-config="true" duration-ms="1123" started-at="2018-11-26T03:30:01Z" finished-at="2018-11-26T03:30:02Z">
          <reporter-output>
          </reporter-output>
        </test-method> <!-- cleanUp -->
        <test-method status="PASS" signature="setUp()[pri:0, instance:com.creditcards.Creditmain@eaafa6]" name="setUp" is-config="true" duration-ms="11493" started-at="2018-11-26T03:30:02Z" finished-at="2018-11-26T03:30:14Z">
          <reporter-output>
          </reporter-output>
        </test-method> <!-- setUp -->
        <test-method status="PASS" signature="logoLinkTest()[pri:0, instance:com.creditcards.Creditmain@eaafa6]" name="logoLinkTest" duration-ms="5705" started-at="2018-11-26T03:30:14Z" finished-at="2018-11-26T03:30:20Z">
          <reporter-output>
          </reporter-output>
        </test-method> <!-- logoLinkTest -->
        <test-method status="PASS" signature="cleanUp()[pri:0, instance:com.creditcards.Creditmain@eaafa6]" name="cleanUp" is-config="true" duration-ms="1184" started-at="2018-11-26T03:30:20Z" finished-at="2018-11-26T03:30:21Z">
          <reporter-output>
          </reporter-output>
        </test-method> <!-- cleanUp -->
        <test-method status="PASS" signature="setUp()[pri:0, instance:com.creditcards.Creditmain@eaafa6]" name="setUp" is-config="true" duration-ms="9884" started-at="2018-11-26T03:30:21Z" finished-at="2018-11-26T03:30:31Z">
          <reporter-output>
          </reporter-output>
        </test-method> <!-- setUp -->
        <test-method status="PASS" signature="pageNavigationTest()[pri:0, instance:com.creditcards.Creditmain@eaafa6]" name="pageNavigationTest" duration-ms="7882" started-at="2018-11-26T03:30:31Z" finished-at="2018-11-26T03:30:39Z">
          <reporter-output>
          </reporter-output>
        </test-method> <!-- pageNavigationTest -->
        <test-method status="PASS" signature="cleanUp()[pri:0, instance:com.creditcards.Creditmain@eaafa6]" name="cleanUp" is-config="true" duration-ms="1120" started-at="2018-11-26T03:30:39Z" finished-at="2018-11-26T03:30:40Z">
          <reporter-output>
          </reporter-output>
        </test-method> <!-- cleanUp -->
        <test-method status="PASS" signature="setUp()[pri:0, instance:com.creditcards.Creditmain@eaafa6]" name="setUp" is-config="true" duration-ms="11557" started-at="2018-11-26T03:30:40Z" finished-at="2018-11-26T03:30:51Z">
          <reporter-output>
          </reporter-output>
        </test-method> <!-- setUp -->
        <test-method status="PASS" signature="pageTitleTest()[pri:0, instance:com.creditcards.Creditmain@eaafa6]" name="pageTitleTest" duration-ms="11" started-at="2018-11-26T03:30:51Z" finished-at="2018-11-26T03:30:51Z">
          <reporter-output>
          </reporter-output>
        </test-method> <!-- pageTitleTest -->
        <test-method status="PASS" signature="cleanUp()[pri:0, instance:com.creditcards.Creditmain@eaafa6]" name="cleanUp" is-config="true" duration-ms="1025" started-at="2018-11-26T03:30:51Z" finished-at="2018-11-26T03:30:52Z">
          <reporter-output>
          </reporter-output>
        </test-method> <!-- cleanUp -->
      </class> <!-- com.creditcards.Creditmain -->
    </test> <!-- Default test -->
  </suite> <!-- Default suite -->
</testng-results>
